 KPT            1  SPIN            1  KWEIGHT    1.0000000000000000     
     1   -24.210  2.00000
     2   -23.828  2.00000
     3   -23.022  2.00000
     4   -21.759  2.00000
     5   -21.096  2.00000
     6   -20.030  2.00000
     7   -17.755  2.00000
     8   -16.514  2.00000
     9   -16.257  2.00000
    10   -15.790  2.00000
    11   -14.506  2.00000
    12   -14.223  2.00000
    13   -13.300  2.00000
    14   -12.580  2.00000
    15   -12.078  2.00000
    16   -11.488  2.00000
    17   -11.420  2.00000
    18   -10.926  2.00000
    19   -10.806  2.00000
    20   -10.469  2.00000
    21   -10.281  2.00000
    22   -10.104  2.00000
    23    -9.819  2.00000
    24    -9.707  2.00000
    25    -9.596  2.00000
    26    -9.469  2.00000
    27    -9.032  2.00000
    28    -8.978  2.00000
    29    -8.909  2.00000
    30    -8.867  2.00000
    31    -7.676  2.00000
    32    -7.049  2.00000
    33    -6.833  2.00000
    34    -6.403  2.00000
    35    -6.085  2.00000
    36    -5.821  2.00000
    37    -5.491  2.00000
    38    -1.701  0.00000
    39    -0.432  0.00000
    40    -0.169  0.00000
    41     1.760  0.00000
    42     7.172  0.00000
    43     7.701  0.00000
    44     7.951  0.00000
    45     8.279  0.00000
    46     8.372  0.00000
    47     8.681  0.00000
    48     8.820  0.00000
    49     8.939  0.00000
    50     8.997  0.00000
    51    10.092  0.00000
    52    11.337  0.00000
    53    11.923  0.00000
    54    13.074  0.00000
    55    13.312  0.00000
    56    13.641  0.00000
    57    13.841  0.00000
    58    14.261  0.00000
    59    15.125  0.00000
    60    16.196  0.00000
    61    17.183  0.00000
    62    19.287  0.00000
    63    23.777  0.00000
    64    25.857  0.00000
    65    29.448  0.00000
    66    30.251  0.00000

