 Fermi distribution function

Geometry optimization step: 1


********************************************************************************
 iSCC Total electronic   Diff electronic      SCC error    
    8   -0.35005436E+02   -0.15354331E-08    0.47104959E-05
********************************************************************************

 Total charge:    -0.00000000

 Atomic gross charges (e)
 Atom           Charge
    1      -0.17876968
    2       0.54472914
    3      -0.12719386
    4       0.48161473
    5      -0.19262536
    6       0.20006932
    7       0.08364660
    8       0.08548196
    9      -0.36777169
   10      -0.07012853
   11      -0.53289252
   12      -0.51340851
   13      -0.10040636
   14      -0.06747102
   15       0.08336289
   16       0.07772736
   17       0.07368396
   18       0.06285281
   19       0.09506459
   20       0.07962908
   21       0.06350498
   22       0.07627349
   23       0.06373692
   24       0.07928970

Nr. of electrons (up):     74.00000000
Atom populations (up)
 Atom       Population
    1       5.17876968
    2       3.45527086
    3       5.12719386
    4       3.51838527
    5       4.19262536
    6       3.79993068
    7       4.91635340
    8       3.91451804
    9       5.36777169
   10       4.07012853
   11       6.53289252
   12       6.51340851
   13       4.10040636
   14       4.06747102
   15       0.91663711
   16       0.92227264
   17       0.92631604
   18       0.93714719
   19       0.90493541
   20       0.92037092
   21       0.93649502
   22       0.92372651
   23       0.93626308
   24       0.92071030

l-shell populations (up)
 Atom Sh.   l       Population
    1   1   0       1.38169737
    1   2   1       3.79707231
    2   1   0       1.05153839
    2   2   1       2.40373247
    3   1   0       1.37024838
    3   2   1       3.75694548
    4   1   0       1.06933834
    4   2   1       2.44904693
    5   1   0       1.18319238
    5   2   1       3.00943298
    6   1   0       1.12032984
    6   2   1       2.67960085
    7   1   0       1.33690975
    7   2   1       3.57944364
    8   1   0       1.16825419
    8   2   1       2.74626385
    9   1   0       1.50667769
    9   2   1       3.86109399
   10   1   0       1.23675898
   10   2   1       2.83336955
   11   1   0       1.75710807
   11   2   1       4.77578445
   12   1   0       1.75895100
   12   2   1       4.75445751
   13   1   0       1.23740828
   13   2   1       2.86299808
   14   1   0       1.23747957
   14   2   1       2.82999145
   15   1   0       0.91663711
   16   1   0       0.92227264
   17   1   0       0.92631604
   18   1   0       0.93714719
   19   1   0       0.90493541
   20   1   0       0.92037092
   21   1   0       0.93649502
   22   1   0       0.92372651
   23   1   0       0.93626308
   24   1   0       0.92071030

Orbital populations (up)
 Atom Sh.   l   m       Population  Label
    1   1   0   0       1.38169737  s
    1   2   1  -1       1.06910084  p_y
    1   2   1   0       1.64977480  p_z
    1   2   1   1       1.07819667  p_x
    2   1   0   0       1.05153839  s
    2   2   1  -1       0.77442222  p_y
    2   2   1   0       0.84864812  p_z
    2   2   1   1       0.78066212  p_x
    3   1   0   0       1.37024838  s
    3   2   1  -1       1.05044994  p_y
    3   2   1   0       1.64246180  p_z
    3   2   1   1       1.06403374  p_x
    4   1   0   0       1.06933834  s
    4   2   1  -1       0.79054486  p_y
    4   2   1   0       0.84134429  p_z
    4   2   1   1       0.81715777  p_x
    5   1   0   0       1.18319238  s
    5   2   1  -1       0.94877420  p_y
    5   2   1   0       1.22681394  p_z
    5   2   1   1       0.83384485  p_x
    6   1   0   0       1.12032984  s
    6   2   1  -1       0.88204818  p_y
    6   2   1   0       0.98766557  p_z
    6   2   1   1       0.80988709  p_x
    7   1   0   0       1.33690975  s
    7   2   1  -1       1.04124781  p_y
    7   2   1   0       1.47443948  p_z
    7   2   1   1       1.06375636  p_x
    8   1   0   0       1.16825419  s
    8   2   1  -1       0.82238601  p_y
    8   2   1   0       1.01874690  p_z
    8   2   1   1       0.90513094  p_x
    9   1   0   0       1.50667769  s
    9   2   1  -1       1.56056695  p_y
    9   2   1   0       1.27645842  p_z
    9   2   1   1       1.02406862  p_x
   10   1   0   0       1.23675898  s
   10   2   1  -1       0.84158591  p_y
   10   2   1   0       0.99070635  p_z
   10   2   1   1       1.00107729  p_x
   11   1   0   0       1.75710807  s
   11   2   1  -1       1.82007761  p_y
   11   2   1   0       1.47083092  p_z
   11   2   1   1       1.48487593  p_x
   12   1   0   0       1.75895100  s
   12   2   1  -1       1.39391666  p_y
   12   2   1   0       1.45522113  p_z
   12   2   1   1       1.90531972  p_x
   13   1   0   0       1.23740828  s
   13   2   1  -1       0.89174309  p_y
   13   2   1   0       1.00439957  p_z
   13   2   1   1       0.96685542  p_x
   14   1   0   0       1.23747957  s
   14   2   1  -1       0.95543122  p_y
   14   2   1   0       0.99338465  p_z
   14   2   1   1       0.88117558  p_x
   15   1   0   0       0.91663711  s
   16   1   0   0       0.92227264  s
   17   1   0   0       0.92631604  s
   18   1   0   0       0.93714719  s
   19   1   0   0       0.90493541  s
   20   1   0   0       0.92037092  s
   21   1   0   0       0.93649502  s
   22   1   0   0       0.92372651  s
   23   1   0   0       0.93626308  s
   24   1   0   0       0.92071030  s

Fermi level:                        -0.1321538878 H           -3.5961 eV
Band energy:                       -33.9691894573 H         -924.3487 eV
TS:                                  0.0000000000 H            0.0000 eV
Band free energy (E-TS):           -33.9691894573 H         -924.3487 eV
Extrapolated E(0K):                -33.9691894573 H         -924.3487 eV
Input / Output electrons (q):     74.0000000000     74.0000000000

Energy H0:                         -35.0676673124 H         -954.2398 eV
Energy SCC:                          0.0622313843 H            1.6934 eV
Total Electronic energy:           -35.0054359282 H         -952.5464 eV
Repulsive energy:                    1.3419324002 H           36.5158 eV
Dispersion energy:                  -0.0285386751 H           -0.7766 eV
Total energy:                      -33.6920422030 H         -916.8071 eV
Extrapolated to 0:                 -33.6920422030 H         -916.8071 eV
Total Mermin free energy:          -33.6920422030 H         -916.8071 eV
Force related energy:              -33.6920422030 H         -916.8071 eV

Non-constrained calculation

SCC converged

Full geometry written in Caffeine.{xyz|gen}

Dipole moment:   -1.37443296    0.07583476    0.03793489 au
Dipole moment:   -3.49346040    0.19275275    0.09642089 Debye

!!! Geometry did NOT converge!

